Build started 8/4/2015 7:55:11 AM.
     1>Project "C:\Karthik\Projects\Sorting\Sorting\Sorting.vcxproj" on node 2 (Build target(s)).
     1>ClCompile:
         C:\Program Files (x86)\Microsoft Visual Studio 12.0\VC\bin\CL.exe /c /ZI /nologo /W3 /WX- /sdl /Od /Oy- /D WIN32 /D _DEBUG /D _CONSOLE /D _LIB /D _UNICODE /D UNICODE /Gm /EHsc /RTC1 /MDd /GS /fp:precise /Zc:wchar_t /Zc:forScope /Yu"stdafx.h" /Fp"Debug\Sorting.pch" /Fo"Debug\\" /Fd"Debug\vc120.pdb" /Gd /TP /analyze- /errorReport:prompt DataSet.cpp SelectionSort.cpp Sorting.cpp
         Sorting.cpp
         SelectionSort.cpp
         DataSet.cpp
         Generating Code...
       Link:
         C:\Program Files (x86)\Microsoft Visual Studio 12.0\VC\bin\link.exe /ERRORREPORT:PROMPT /OUT:"C:\Karthik\Projects\Sorting\Debug\Sorting.exe" /INCREMENTAL /NOLOGO kernel32.lib user32.lib gdi32.lib winspool.lib comdlg32.lib advapi32.lib shell32.lib ole32.lib oleaut32.lib uuid.lib odbc32.lib odbccp32.lib /MANIFEST /MANIFESTUAC:"level='asInvoker' uiAccess='false'" /manifest:embed /DEBUG /PDB:"C:\Karthik\Projects\Sorting\Debug\Sorting.pdb" /SUBSYSTEM:CONSOLE /TLBID:1 /DYNAMICBASE /NXCOMPAT /IMPLIB:"C:\Karthik\Projects\Sorting\Debug\Sorting.lib" /MACHINE:X86 Debug\BubbleSort.obj
         Debug\DataSet.obj
         Debug\Insertion.obj
         Debug\SelectionSort.obj
         Debug\Sorting.obj
         Debug\SortManager.obj
         Debug\stdafx.obj
         Sorting.vcxproj -> C:\Karthik\Projects\Sorting\Debug\Sorting.exe
     1>Done Building Project "C:\Karthik\Projects\Sorting\Sorting\Sorting.vcxproj" (Build target(s)).

Build succeeded.

Time Elapsed 00:00:02.19
